Build started 20/09/2011 09:35:11.
     1>Project "D:\Protocol 7\src\utils\vice\vice-2005.vcxproj" on node 2 (build target(s)).
     1>InitializeBuildStatus:
         Creating ".\Release\Vice.unsuccessfulbuild" because "AlwaysCreate" was specified.
       ClCompile:
         d:\Programs\Visual C++\VC\bin\CL.exe /c /I..\..\common /I..\..\public /I..\..\public\tier0 /I..\..\public\tier1 /I..\common /Zi /nologo /W4 /WX- /O2 /Ob2 /Oi /Ot /Oy- /D WIN32 /D _WIN32 /D NDEBUG /D _WINDOWS /D _CRT_SECURE_NO_DEPRECATE /D _CRT_NONSTDC_NO_DEPRECATE /D _MBCS /GF /Gm- /MT /GS- /Gy /fp:fast /Zc:wchar_t /Zc:forScope /GR /openmp- /Fo".\Release\\" /Fd".\Release\vc100.pdb" /Gd /TP /analyze- /errorReport:prompt ..\common\cmdlib.cpp ..\..\public\filesystem_helpers.cpp ..\..\public\filesystem_init.cpp ..\common\filesystem_tools.cpp ..\..\public\tier0\memoverride.cpp vice.cpp
         cmdlib.cpp
         filesystem_helpers.cpp
         filesystem_init.cpp
         filesystem_tools.cpp
         memoverride.cpp
         vice.cpp
         Generating Code...
       Link:
         d:\Programs\Visual C++\VC\bin\link.exe /ERRORREPORT:PROMPT /OUT:".\Release\vice.exe" /INCREMENTAL:NO /NOLOGO kernel32.lib user32.lib gdi32.lib winspool.lib comdlg32.lib advapi32.lib shell32.lib ole32.lib oleaut32.lib uuid.lib odbc32.lib odbccp32.lib /NODEFAULTLIB:libc /NODEFAULTLIB:libcd /NODEFAULTLIB:libcmtd /MANIFEST:NO /DEBUG /PDB:".\Release\Vice.pdb" /MAP:".\Release\Vice.map" /SUBSYSTEM:CONSOLE /OPT:REF /OPT:ICF /TLBID:1 /DYNAMICBASE /NXCOMPAT /IMPLIB:".\Release\Vice.lib" /MACHINE:X86 .\Release\cmdlib.obj
         .\Release\filesystem_helpers.obj
         .\Release\filesystem_init.obj
         .\Release\filesystem_tools.obj
         .\Release\memoverride.obj
         .\Release\vice.obj
         ..\..\lib\public\mathlib.lib
         ..\..\lib\public\tier0.lib
         ..\..\lib\public\tier1.lib
         ..\..\lib\public\tier2.lib
         ..\..\lib\public\vstdlib.lib
         "D:\Protocol 7\src\lib\public\mathlib.lib"
         "D:\Protocol 7\src\lib\public\tier1.lib"
            Creating library .\Release\Vice.lib and object .\Release\Vice.exp
         vice-2005.vcxproj -> D:\Protocol 7\src\utils\vice\.\Release\Vice.exe
       FinalizeBuildStatus:
         Deleting file ".\Release\Vice.unsuccessfulbuild".
         Touching ".\Release\Vice.lastbuildstate".
     1>Done Building Project "D:\Protocol 7\src\utils\vice\vice-2005.vcxproj" (build target(s)).

Build succeeded.

Time Elapsed 00:00:05.90
