Build started 20/09/2011 09:35:03.
     1>Project "D:\Protocol 7\src\utils\vvis\vvis_dll-2005.vcxproj" on node 7 (build target(s)).
     1>InitializeBuildStatus:
         Creating ".\Release\Vvis_dll.unsuccessfulbuild" because "AlwaysCreate" was specified.
       ClCompile:
         d:\Programs\Visual C++\VC\bin\CL.exe /c /I..\..\common /I..\..\public /I..\..\public\tier0 /I..\..\public\tier1 /I..\common /I..\vmpi /I..\vmpi\mysql\include /Zi /nologo /W4 /WX- /O2 /Ob2 /Oi /Ot /Oy- /D WIN32 /D _WIN32 /D NDEBUG /D _WINDOWS /D _USRDLL /D _CRT_SECURE_NO_DEPRECATE /D _CRT_NONSTDC_NO_DEPRECATE /D MPI /D PROTECTED_THINGS_DISABLE /D _WINDLL /D _MBCS /GF /Gm- /MT /GS- /Gy /fp:fast /Zc:wchar_t /Zc:forScope /GR /Fo".\Release\\" /Fd".\Release\vc100.pdb" /Gd /TP /analyze- /errorReport:prompt ..\common\bsplib.cpp ..\common\cmdlib.cpp ..\..\public\collisionutils.cpp ..\..\public\filesystem_helpers.cpp flow.cpp ..\..\public\loadcmdline.cpp ..\..\public\lumpfiles.cpp ..\common\mpi_stats.cpp mpivis.cpp ..\common\MySqlDatabase.cpp ..\common\pacifier.cpp ..\..\public\scratchpad3d.cpp ..\common\scratchpad_helpers.cpp ..\common\scriplib.cpp ..\common\threads.cpp ..\common\tools_minidump.cpp ..\common\vmpi_tools_shared.cpp vvis.cpp WaterDist.cpp ..\..\public\zip_utils.cpp
         bsplib.cpp
         cmdlib.cpp
         collisionutils.cpp
         filesystem_helpers.cpp
         flow.cpp
         loadcmdline.cpp
         lumpfiles.cpp
         mpi_stats.cpp
         mpivis.cpp
         MySqlDatabase.cpp
         pacifier.cpp
         scratchpad3d.cpp
         scratchpad_helpers.cpp
         scriplib.cpp
         threads.cpp
         tools_minidump.cpp
         vmpi_tools_shared.cpp
         vvis.cpp
         WaterDist.cpp
         zip_utils.cpp
         Generating Code...
       Link:
         d:\Programs\Visual C++\VC\bin\link.exe /ERRORREPORT:PROMPT /OUT:".\Release\vvis_dll.dll" /INCREMENTAL:NO /NOLOGO /LIBPATH:..\..\lib\common /LIBPATH:..\..\lib\public odbc32.lib odbccp32.lib ws2_32.lib kernel32.lib user32.lib gdi32.lib winspool.lib comdlg32.lib advapi32.lib shell32.lib ole32.lib oleaut32.lib uuid.lib odbc32.lib odbccp32.lib /NODEFAULTLIB:libc /NODEFAULTLIB:libcd /NODEFAULTLIB:libcmtd /MANIFEST:NO /DEBUG /PDB:".\Release\Vvis_dll.pdb" /MAP:".\Release\Vvis_dll.map" /SUBSYSTEM:WINDOWS /OPT:REF /OPT:ICF /TLBID:1 /DYNAMICBASE /NXCOMPAT /IMPLIB:".\Release\Vvis_dll.lib" /MACHINE:X86 /DLL .\Release\bsplib.obj
         .\Release\cmdlib.obj
         .\Release\collisionutils.obj
         .\Release\filesystem_helpers.obj
         .\Release\flow.obj
         .\Release\loadcmdline.obj
         .\Release\lumpfiles.obj
         .\Release\mpi_stats.obj
         .\Release\mpivis.obj
         .\Release\MySqlDatabase.obj
         .\Release\pacifier.obj
         .\Release\scratchpad3d.obj
         .\Release\scratchpad_helpers.obj
         .\Release\scriplib.obj
         .\Release\threads.obj
         .\Release\tools_minidump.obj
         .\Release\vmpi_tools_shared.obj
         .\Release\vvis.obj
         .\Release\WaterDist.obj
         .\Release\zip_utils.obj
         ..\..\lib\public\mathlib.lib
         ..\..\lib\public\tier0.lib
         ..\..\lib\public\tier1.lib
         ..\..\lib\public\tier2.lib
         ..\..\lib\public\vmpi.lib
         ..\..\lib\public\vstdlib.lib
         "D:\Protocol 7\src\lib\public\mathlib.lib"
         "D:\Protocol 7\src\lib\public\tier1.lib"
            Creating library .\Release\Vvis_dll.lib and object .\Release\Vvis_dll.exp
         vvis_dll-2005.vcxproj -> D:\Protocol 7\src\utils\vvis\.\Release\Vvis_dll.dll
       FinalizeBuildStatus:
         Deleting file ".\Release\Vvis_dll.unsuccessfulbuild".
         Touching ".\Release\Vvis_dll.lastbuildstate".
     1>Done Building Project "D:\Protocol 7\src\utils\vvis\vvis_dll-2005.vcxproj" (build target(s)).

Build succeeded.

Time Elapsed 00:00:38.18
