Build started 20/09/2011 10:18:14.
     1>Project "D:\Protocol 7\src\game\client\client_hl2mp-2005.vcxproj" on node 2 (build target(s)).
     1>InitializeBuildStatus:
         Creating ".\Release_hl2mp\Client HL2MP.unsuccessfulbuild" because "AlwaysCreate" was specified.
       ClCompile:
         All outputs are up-to-date.
         All outputs are up-to-date.
         All outputs are up-to-date.
     1>C:\Program Files (x86)\MSBuild\Microsoft.Cpp\v4.0\Microsoft.CppBuild.targets(990,5): warning MSB8012: TargetPath(D:\Protocol 7\src\game\client\.\Release_hl2mp\Client HL2MP.dll) does not match the Linker's OutputFile property value (D:\Protocol 7\src\game\client\Release_hl2mp\Client.dll). This may cause your project to build incorrectly. To correct this, please make sure that $(OutDir), $(TargetName) and $(TargetExt) property values match the value specified in %(Link.OutputFile).
     1>C:\Program Files (x86)\MSBuild\Microsoft.Cpp\v4.0\Microsoft.CppBuild.targets(992,5): warning MSB8012: TargetName(Client HL2MP) does not match the Linker's OutputFile property value (Client). This may cause your project to build incorrectly. To correct this, please make sure that $(OutDir), $(TargetName) and $(TargetExt) property values match the value specified in %(Link.OutputFile).
       Link:
         All outputs are up-to-date.
         client_hl2mp-2005.vcxproj -> D:\Protocol 7\src\game\client\.\Release_hl2mp\Client HL2MP.dll
       CustomBuildStep:
         Description: Copying to c:\program files (x86)\steam\steamapps\SourceMods\protocol7\bin\
         if exist "c:\program files (x86)\steam\steamapps\SourceMods\protocol7\bin\client.dll" attrib -r "c:\program files (x86)\steam\steamapps\SourceMods\protocol7\bin\client.dll"
         copy "D:\Protocol 7\src\game\client\Release_hl2mp\"client.dll "c:\program files (x86)\steam\steamapps\SourceMods\protocol7\bin"
         if exist "c:\program files (x86)\steam\steamapps\SourceMods\protocol7\bin\client.pdb" attrib -r "c:\program files (x86)\steam\steamapps\SourceMods\protocol7\bin\client.pdb"
         if exist "D:\Protocol 7\src\game\client\Release_hl2mp\"client.pdb copy "D:\Protocol 7\src\game\client\Release_hl2mp\"client.pdb "c:\program files (x86)\steam\steamapps\SourceMods\protocol7\bin\client.pdb"
         
         :VCEnd
                 1 file(s) copied.
       FinalizeBuildStatus:
         Deleting file ".\Release_hl2mp\Client HL2MP.unsuccessfulbuild".
         Touching ".\Release_hl2mp\Client HL2MP.lastbuildstate".
     1>Done Building Project "D:\Protocol 7\src\game\client\client_hl2mp-2005.vcxproj" (build target(s)).

Build succeeded.

Time Elapsed 00:00:00.74
