Build started 20/09/2011 09:35:11.
     1>Project "D:\Protocol 7\src\utils\serverplugin_sample\serverplugin_empty-2005.vcxproj" on node 5 (build target(s)).
     1>InitializeBuildStatus:
         Creating ".\Release\Serverplugin_empty.unsuccessfulbuild" because "AlwaysCreate" was specified.
       ClCompile:
         d:\Programs\Visual C++\VC\bin\CL.exe /c /I..\..\common /I..\..\public /I..\..\public\tier0 /I..\..\public\tier1 /I..\..\game\server /I..\..\game\shared /Zi /nologo /W4 /WX- /O2 /Ob2 /Oi /Ot /Oy- /D WIN32 /D _WIN32 /D NDEBUG /D _WINDOWS /D _USRDLL /D _CRT_SECURE_NO_DEPRECATE /D _CRT_NONSTDC_NO_DEPRECATE /D serverplugin_emptyONLY /D _MBCS /D _WINDLL /D _MBCS /GF /Gm- /MT /GS- /Gy /fp:fast /Zc:wchar_t /Zc:forScope /GR /Fo".\Release\\" /Fd".\Release\vc100.pdb" /Gd /TP /analyze- /errorReport:prompt ..\..\public\tier0\memoverride.cpp serverplugin_bot.cpp serverplugin_empty.cpp
         memoverride.cpp
         serverplugin_bot.cpp
         serverplugin_empty.cpp
         Generating Code...
       Link:
         d:\Programs\Visual C++\VC\bin\link.exe /ERRORREPORT:PROMPT /OUT:".\Release\serverplugin_empty.dll" /INCREMENTAL:NO /NOLOGO /LIBPATH:..\..\lib\common /LIBPATH:..\..\lib\public odbc32.lib odbccp32.lib kernel32.lib user32.lib gdi32.lib winspool.lib comdlg32.lib advapi32.lib shell32.lib ole32.lib oleaut32.lib uuid.lib odbc32.lib odbccp32.lib /NODEFAULTLIB:libc /NODEFAULTLIB:libcd /NODEFAULTLIB:libcmtd /MANIFEST:NO /DEBUG /PDB:".\Release\Serverplugin_empty.pdb" /MAP:".\Release\Serverplugin_empty.map" /SUBSYSTEM:WINDOWS /OPT:REF /OPT:ICF /TLBID:1 /DYNAMICBASE /NXCOMPAT /IMPLIB:".\Release\Serverplugin_empty.lib" /MACHINE:X86 /DLL .\Release\memoverride.obj
         .\Release\serverplugin_bot.obj
         .\Release\serverplugin_empty.obj
         ..\..\lib\public\mathlib.lib
         ..\..\lib\public\tier0.lib
         ..\..\lib\public\tier1.lib
         ..\..\lib\public\tier2.lib
         ..\..\lib\public\vstdlib.lib
         "D:\Protocol 7\src\lib\public\mathlib.lib"
         "D:\Protocol 7\src\lib\public\tier1.lib"
            Creating library .\Release\Serverplugin_empty.lib and object .\Release\Serverplugin_empty.exp
         serverplugin_empty-2005.vcxproj -> D:\Protocol 7\src\utils\serverplugin_sample\.\Release\Serverplugin_empty.dll
       FinalizeBuildStatus:
         Deleting file ".\Release\Serverplugin_empty.unsuccessfulbuild".
         Touching ".\Release\Serverplugin_empty.lastbuildstate".
     1>Done Building Project "D:\Protocol 7\src\utils\serverplugin_sample\serverplugin_empty-2005.vcxproj" (build target(s)).

Build succeeded.

Time Elapsed 00:00:04.89
