Build started 20/09/2011 09:35:11.
     1>Project "D:\Protocol 7\src\utils\vbsp\vbsp-2005.vcxproj" on node 7 (build target(s)).
     1>InitializeBuildStatus:
         Creating ".\Release\Vbsp.unsuccessfulbuild" because "AlwaysCreate" was specified.
       ClCompile:
         d:\Programs\Visual C++\VC\bin\CL.exe /c /I..\..\common /I..\..\public /I..\..\public\tier0 /I..\..\public\tier1 /I..\common /I..\vmpi /Zi /nologo /W4 /WX- /O2 /Ob2 /Oi /Ot /Oy- /D WIN32 /D _WIN32 /D NDEBUG /D _WINDOWS /D _CRT_SECURE_NO_DEPRECATE /D _CRT_NONSTDC_NO_DEPRECATE /D MACRO_MATHLIB /D PROTECTED_THINGS_DISABLE /D _MBCS /GF /Gm- /MT /GS- /Gy /fp:fast /Zc:wchar_t /Zc:forScope /GR /openmp- /Fo".\Release\\" /Fd".\Release\vc100.pdb" /Gd /TP /analyze- /errorReport:prompt brushbsp.cpp ..\..\public\collisionutils.cpp csg.cpp cubemap.cpp detail.cpp detailobjects.cpp ..\..\public\disp_common.cpp disp_ivp.cpp ..\..\public\disp_powerinfo.cpp disp_vbsp.cpp faces.cpp glfile.cpp ivp.cpp leakfile.cpp ..\..\public\loadcmdline.cpp ..\..\public\lumpfiles.cpp map.cpp materialpatch.cpp materialsub.cpp ..\..\public\tier0\memoverride.cpp ..\common\mstristrip.cpp nodraw.cpp normals.cpp overlay.cpp ..\common\physdll.cpp portals.cpp prtfile.cpp ..\..\public\scratchpad3d.cpp ..\common\scratchpad_helpers.cpp staticprop.cpp textures.cpp tree.cpp ..\common\utilmatlib.cpp vbsp.cpp worldvertextransitionfixup.cpp writebsp.cpp ..\..\public\zip_utils.cpp ..\common\bsplib.cpp ..\..\public\builddisp.cpp ..\..\public\chunkfile.cpp ..\common\cmdlib.cpp ..\..\public\filesystem_helpers.cpp ..\..\public\filesystem_init.cpp ..\common\filesystem_tools.cpp ..\common\map_shared.cpp ..\common\pacifier.cpp ..\common\polylib.cpp ..\common\scriplib.cpp ..\common\threads.cpp ..\common\tools_minidump.cpp
         brushbsp.cpp
         collisionutils.cpp
         csg.cpp
         cubemap.cpp
         detail.cpp
         detailobjects.cpp
         disp_common.cpp
         disp_ivp.cpp
         disp_powerinfo.cpp
         disp_vbsp.cpp
         faces.cpp
         glfile.cpp
         ivp.cpp
         leakfile.cpp
         loadcmdline.cpp
         lumpfiles.cpp
         map.cpp
         materialpatch.cpp
         materialsub.cpp
         memoverride.cpp
         Generating Code...
         Compiling...
         mstristrip.cpp
         nodraw.cpp
         normals.cpp
         overlay.cpp
         physdll.cpp
         portals.cpp
         prtfile.cpp
         scratchpad3d.cpp
         scratchpad_helpers.cpp
         staticprop.cpp
         textures.cpp
         tree.cpp
         utilmatlib.cpp
         vbsp.cpp
         worldvertextransitionfixup.cpp
         writebsp.cpp
         zip_utils.cpp
         bsplib.cpp
         builddisp.cpp
         chunkfile.cpp
         Generating Code...
         Compiling...
         cmdlib.cpp
         filesystem_helpers.cpp
         filesystem_init.cpp
         filesystem_tools.cpp
         map_shared.cpp
         pacifier.cpp
         polylib.cpp
         scriplib.cpp
         threads.cpp
         tools_minidump.cpp
         Generating Code...
       Link:
         d:\Programs\Visual C++\VC\bin\link.exe /ERRORREPORT:PROMPT /OUT:".\Release\vbsp.exe" /INCREMENTAL:NO /NOLOGO ws2_32.lib odbc32.lib odbccp32.lib winmm.lib kernel32.lib user32.lib gdi32.lib winspool.lib comdlg32.lib advapi32.lib shell32.lib ole32.lib oleaut32.lib uuid.lib odbc32.lib odbccp32.lib /NODEFAULTLIB:libc /NODEFAULTLIB:libcd /NODEFAULTLIB:libcmtd /MANIFEST:NO /DEBUG /PDB:".\Release\Vbsp.pdb" /MAP:".\Release\Vbsp.map" /SUBSYSTEM:CONSOLE /OPT:REF /OPT:ICF /TLBID:1 /DYNAMICBASE /NXCOMPAT /IMPLIB:".\Release\Vbsp.lib" /MACHINE:X86 .\Release\brushbsp.obj
         .\Release\collisionutils.obj
         .\Release\csg.obj
         .\Release\cubemap.obj
         .\Release\detail.obj
         .\Release\detailobjects.obj
         .\Release\disp_common.obj
         .\Release\disp_ivp.obj
         .\Release\disp_powerinfo.obj
         .\Release\disp_vbsp.obj
         .\Release\faces.obj
         .\Release\glfile.obj
         .\Release\ivp.obj
         .\Release\leakfile.obj
         .\Release\loadcmdline.obj
         .\Release\lumpfiles.obj
         .\Release\map.obj
         .\Release\materialpatch.obj
         .\Release\materialsub.obj
         .\Release\memoverride.obj
         .\Release\mstristrip.obj
         .\Release\nodraw.obj
         .\Release\normals.obj
         .\Release\overlay.obj
         .\Release\physdll.obj
         .\Release\portals.obj
         .\Release\prtfile.obj
         .\Release\scratchpad3d.obj
         .\Release\scratchpad_helpers.obj
         .\Release\staticprop.obj
         .\Release\textures.obj
         .\Release\tree.obj
         .\Release\utilmatlib.obj
         .\Release\vbsp.obj
         .\Release\worldvertextransitionfixup.obj
         .\Release\writebsp.obj
         .\Release\zip_utils.obj
         .\Release\bsplib.obj
         .\Release\builddisp.obj
         .\Release\chunkfile.obj
         .\Release\cmdlib.obj
         .\Release\filesystem_helpers.obj
         .\Release\filesystem_init.obj
         .\Release\filesystem_tools.obj
         .\Release\map_shared.obj
         .\Release\pacifier.obj
         .\Release\polylib.obj
         .\Release\scriplib.obj
         .\Release\threads.obj
         .\Release\tools_minidump.obj
         ..\..\lib\public\bitmap.lib
         ..\..\lib\public\mathlib.lib
         ..\..\lib\public\tier0.lib
         ..\..\lib\public\tier1.lib
         ..\..\lib\public\tier2.lib
         ..\..\lib\public\vstdlib.lib
         ..\..\lib\public\vtf.lib
         "D:\Protocol 7\src\lib\public\mathlib.lib"
         "D:\Protocol 7\src\lib\public\tier1.lib"
            Creating library .\Release\Vbsp.lib and object .\Release\Vbsp.exp
         vbsp-2005.vcxproj -> D:\Protocol 7\src\utils\vbsp\.\Release\Vbsp.exe
       FinalizeBuildStatus:
         Deleting file ".\Release\Vbsp.unsuccessfulbuild".
         Touching ".\Release\Vbsp.lastbuildstate".
     1>Done Building Project "D:\Protocol 7\src\utils\vbsp\vbsp-2005.vcxproj" (build target(s)).

Build succeeded.

Time Elapsed 00:00:30.61
